Info: Starting: Create simulation model
Info: qsys-generate C:\Users\henan21\Dropbox\nan\TestV2\verilog\LDPCdecoder.qsys --simulation=VERILOG --allow-mixed-language-simulation --output-directory=C:\Users\henan21\Dropbox\nan\TestV2\verilog\LDPCdecoder\simulation --family="Cyclone V" --part=5CSEMA5F31C6
Progress: Loading verilog/LDPCdecoder.qsys
Progress: Reading input file
Progress: Adding ldpc_0 [altera_ldpc 18.1]
Progress: Parameterizing module ldpc_0
Progress: Building connections
Progress: Parameterizing connections
Progress: Validating
Progress: Done reading input file
Info: LDPCdecoder: Generating LDPCdecoder "LDPCdecoder" for SIM_VERILOG
Info: ldpc_0: "LDPCdecoder" instantiated altera_ldpc "ldpc_0"
Info: decoder: "ldpc_0" instantiated altera_ldpc_dec "decoder"
Info: dec_msa: "decoder" instantiated altera_ldpc_wimedia_msa "dec_msa"
Info: LDPCdecoder: Done "LDPCdecoder" with 4 modules, 12 files
Info: qsys-generate succeeded.
Info: Finished: Create simulation model
Info: Starting: Create Modelsim Project.
Info: sim-script-gen --spd=C:\Users\henan21\Dropbox\nan\TestV2\verilog\LDPCdecoder\LDPCdecoder.spd --output-directory=C:/Users/henan21/Dropbox/nan/TestV2/verilog/LDPCdecoder/simulation/ --use-relative-paths=true
Info: Doing: ip-make-simscript --spd=C:\Users\henan21\Dropbox\nan\TestV2\verilog\LDPCdecoder\LDPCdecoder.spd --output-directory=C:/Users/henan21/Dropbox/nan/TestV2/verilog/LDPCdecoder/simulation/ --use-relative-paths=true
Info: Generating the following file(s) for MODELSIM simulator in C:/Users/henan21/Dropbox/nan/TestV2/verilog/LDPCdecoder/simulation/ directory:
Info: 	mentor/msim_setup.tcl
Info: Generating the following file(s) for VCS simulator in C:/Users/henan21/Dropbox/nan/TestV2/verilog/LDPCdecoder/simulation/ directory:
Info: 	synopsys/vcs/vcs_setup.sh
Info: Generating the following file(s) for VCSMX simulator in C:/Users/henan21/Dropbox/nan/TestV2/verilog/LDPCdecoder/simulation/ directory:
Info: 	synopsys/vcsmx/synopsys_sim.setup
Info: 	synopsys/vcsmx/vcsmx_setup.sh
Info: Generating the following file(s) for NCSIM simulator in C:/Users/henan21/Dropbox/nan/TestV2/verilog/LDPCdecoder/simulation/ directory:
Info: 	cadence/cds.lib
Info: 	cadence/hdl.var
Info: 	cadence/ncsim_setup.sh
Info: 	3 .cds.lib files in cadence/cds_libs/ directory
Info: Generating the following file(s) for RIVIERA simulator in C:/Users/henan21/Dropbox/nan/TestV2/verilog/LDPCdecoder/simulation/ directory:
Info: 	aldec/rivierapro_setup.tcl
Info: For information on how to simulate your IP, see the explanatory comments in the simulator-specific subdirectories under C:/Users/henan21/Dropbox/nan/TestV2/verilog/LDPCdecoder/simulation/.
Info: Regenerate these scripts whenever you make any change to any Quartus-generated IP in your project.
Info: Finished: Create Modelsim Project.
Info: Starting: Create block symbol file (.bsf)
Info: qsys-generate C:\Users\henan21\Dropbox\nan\TestV2\verilog\LDPCdecoder.qsys --block-symbol-file --output-directory=C:\Users\henan21\Dropbox\nan\TestV2\verilog\LDPCdecoder --family="Cyclone V" --part=5CSEMA5F31C6
Progress: Loading verilog/LDPCdecoder.qsys
Progress: Reading input file
Progress: Adding ldpc_0 [altera_ldpc 18.1]
Progress: Parameterizing module ldpc_0
Progress: Building connections
Progress: Parameterizing connections
Progress: Validating
Progress: Done reading input file
Info: qsys-generate succeeded.
Info: Finished: Create block symbol file (.bsf)
Info: 
Info: Starting: Create HDL design files for synthesis
Info: qsys-generate C:\Users\henan21\Dropbox\nan\TestV2\verilog\LDPCdecoder.qsys --synthesis=VERILOG --greybox --output-directory=C:\Users\henan21\Dropbox\nan\TestV2\verilog\LDPCdecoder\synthesis --family="Cyclone V" --part=5CSEMA5F31C6
Progress: Loading verilog/LDPCdecoder.qsys
Progress: Reading input file
Progress: Adding ldpc_0 [altera_ldpc 18.1]
Progress: Parameterizing module ldpc_0
Progress: Building connections
Progress: Parameterizing connections
Progress: Validating
Progress: Done reading input file
Info: LDPCdecoder: Generating LDPCdecoder "LDPCdecoder" for QUARTUS_SYNTH
Info: ldpc_0: "LDPCdecoder" instantiated altera_ldpc "ldpc_0"
Info: decoder: "ldpc_0" instantiated altera_ldpc_dec "decoder"
Info: dec_msa: "decoder" instantiated altera_ldpc_wimedia_msa "dec_msa"
Info: LDPCdecoder: Done "LDPCdecoder" with 4 modules, 7 files
Info: Generating third-party timing and resource estimation model ...
Info: Done generating third-party timing and resource estimation model.
Info: qsys-generate succeeded.
Info: Finished: Create HDL design files for synthesis
