Flow report for DE1_SoC_Computer
Tue Jun 06 16:48:45 2023
Quartus Prime Version 18.1.0 Build 625 09/12/2018 SJ Lite Edition


---------------------
; Table of Contents ;
---------------------
  1. Legal Notice
  2. Flow Summary
  3. Flow Settings
  4. Flow Non-Default Global Settings
  5. Flow Elapsed Time
  6. Flow OS Summary
  7. Flow Log
  8. Flow Messages
  9. Flow Suppressed Messages



----------------
; Legal Notice ;
----------------
Copyright (C) 2018  Intel Corporation. All rights reserved.
Your use of Intel Corporation's design tools, logic functions 
and other software and tools, and its AMPP partner logic 
functions, and any output files from any of the foregoing 
(including device programming or simulation files), and any 
associated documentation or information are expressly subject 
to the terms and conditions of the Intel Program License 
Subscription Agreement, the Intel Quartus Prime License Agreement,
the Intel FPGA IP License Agreement, or other applicable license
agreement, including, without limitation, that your use is for
the sole purpose of programming logic devices manufactured by
Intel and sold by Intel or its authorized distributors.  Please
refer to the applicable agreement for further details.



+-------------------------------------------------------------------------------+
; Flow Summary                                                                  ;
+---------------------------------+---------------------------------------------+
; Flow Status                     ; Successful - Tue Jun 06 16:47:35 2023       ;
; Quartus Prime Version           ; 18.1.0 Build 625 09/12/2018 SJ Lite Edition ;
; Revision Name                   ; DE1_SoC_Computer                            ;
; Top-level Entity Name           ; DE1_SoC_Computer                            ;
; Family                          ; Cyclone V                                   ;
; Device                          ; 5CSEMA5F31C6                                ;
; Timing Models                   ; Final                                       ;
; Logic utilization (in ALMs)     ; 19,284 / 32,070 ( 60 % )                    ;
; Total registers                 ; 39381                                       ;
; Total pins                      ; 319 / 457 ( 70 % )                          ;
; Total virtual pins              ; 0                                           ;
; Total block memory bits         ; 1,839,384 / 4,065,280 ( 45 % )              ;
; Total DSP Blocks                ; 0 / 87 ( 0 % )                              ;
; Total HSSI RX PCSs              ; 0                                           ;
; Total HSSI PMA RX Deserializers ; 0                                           ;
; Total HSSI TX PCSs              ; 0                                           ;
; Total HSSI PMA TX Serializers   ; 0                                           ;
; Total PLLs                      ; 1 / 6 ( 17 % )                              ;
; Total DLLs                      ; 1 / 4 ( 25 % )                              ;
+---------------------------------+---------------------------------------------+


+-----------------------------------------+
; Flow Settings                           ;
+-------------------+---------------------+
; Option            ; Setting             ;
+-------------------+---------------------+
; Start date & time ; 06/06/2023 16:35:17 ;
; Main task         ; Compilation         ;
; Revision Name     ; DE1_SoC_Computer    ;
+-------------------+---------------------+


+--------------------------------------------------------------------------------------------------------------------------------------------------------------------------------------------------------------------------------------------------------------------------------------------------------------------------------------------------------------------------------------------------------------------------------------------------------------------------+
; Flow Non-Default Global Settings                                                                                                                                                                                                                                                                                                                                                                                                                                         ;
+--------------------------------------+----------------------------------------------------------------------------------------------------------------------------------------------------------------------------------------------------------------------------------------------------------------------------------------------------------------------------------------------------------------------------------+---------------+-------------+------------------+
; Assignment Name                      ; Value                                                                                                                                                                                                                                                                                                                                                                            ; Default Value ; Entity Name ; Section Id       ;
+--------------------------------------+----------------------------------------------------------------------------------------------------------------------------------------------------------------------------------------------------------------------------------------------------------------------------------------------------------------------------------------------------------------------------------+---------------+-------------+------------------+
; COMPILER_SIGNATURE_ID                ; 9423239829925.168609451502252                                                                                                                                                                                                                                                                                                                                                    ; --            ; --          ; --               ;
; ENABLE_SIGNALTAP                     ; On                                                                                                                                                                                                                                                                                                                                                                               ; --            ; --          ; --               ;
; FITTER_EFFORT                        ; Standard Fit                                                                                                                                                                                                                                                                                                                                                                     ; Auto Fit      ; --          ; --               ;
; MAX_CORE_JUNCTION_TEMP               ; 85                                                                                                                                                                                                                                                                                                                                                                               ; --            ; --          ; --               ;
; MIN_CORE_JUNCTION_TEMP               ; 0                                                                                                                                                                                                                                                                                                                                                                                ; --            ; --          ; --               ;
; MISC_FILE                            ; LDPCdecoder/simulation/../../LDPCdecoder.qsys                                                                                                                                                                                                                                                                                                                                    ; --            ; --          ; --               ;
; MISC_FILE                            ; LDPCdecoder/simulation/LDPCdecoder.v                                                                                                                                                                                                                                                                                                                                             ; --            ; --          ; --               ;
; MISC_FILE                            ; LDPCdecoder/simulation/submodules/LDPCdecoder_ldpc_0.v                                                                                                                                                                                                                                                                                                                           ; --            ; --          ; --               ;
; MISC_FILE                            ; LDPCdecoder/simulation/submodules/LDPCdecoder_ldpc_0_decoder.v                                                                                                                                                                                                                                                                                                                   ; --            ; --          ; --               ;
; MISC_FILE                            ; LDPCdecoder/simulation/submodules/mentor/altera_ldpc_pkg.sv                                                                                                                                                                                                                                                                                                                      ; --            ; --          ; --               ;
; MISC_FILE                            ; LDPCdecoder/simulation/submodules/aldec/altera_ldpc_pkg.sv                                                                                                                                                                                                                                                                                                                       ; --            ; --          ; --               ;
; MISC_FILE                            ; LDPCdecoder/simulation/submodules/altera_ldpc_pkg.sv                                                                                                                                                                                                                                                                                                                             ; --            ; --          ; --               ;
; MISC_FILE                            ; LDPCdecoder/simulation/submodules/mentor/altera_ldpc_wimedia_mat.sv                                                                                                                                                                                                                                                                                                              ; --            ; --          ; --               ;
; MISC_FILE                            ; LDPCdecoder/simulation/submodules/aldec/altera_ldpc_wimedia_mat.sv                                                                                                                                                                                                                                                                                                               ; --            ; --          ; --               ;
; MISC_FILE                            ; LDPCdecoder/simulation/submodules/altera_ldpc_wimedia_mat.sv                                                                                                                                                                                                                                                                                                                     ; --            ; --          ; --               ;
; MISC_FILE                            ; LDPCdecoder/simulation/submodules/mentor/altera_ldpc_wimedia_msa.sv                                                                                                                                                                                                                                                                                                              ; --            ; --          ; --               ;
; MISC_FILE                            ; LDPCdecoder/simulation/submodules/aldec/altera_ldpc_wimedia_msa.sv                                                                                                                                                                                                                                                                                                               ; --            ; --          ; --               ;
; MISC_FILE                            ; LDPCdecoder/simulation/submodules/altera_ldpc_wimedia_msa.sv                                                                                                                                                                                                                                                                                                                     ; --            ; --          ; --               ;
; MISC_FILE                            ; LDPCdecoder/synthesis/../LDPCdecoder.cmp                                                                                                                                                                                                                                                                                                                                         ; --            ; --          ; --               ;
; MISC_FILE                            ; LDPCdecoder/synthesis/../../LDPCdecoder.qsys                                                                                                                                                                                                                                                                                                                                     ; --            ; --          ; --               ;
; MISC_FILE                            ; LDPCencode/simulation/../../LDPCencode.qsys                                                                                                                                                                                                                                                                                                                                      ; --            ; --          ; --               ;
; MISC_FILE                            ; LDPCencode/simulation/LDPCencode.v                                                                                                                                                                                                                                                                                                                                               ; --            ; --          ; --               ;
; MISC_FILE                            ; LDPCencode/simulation/submodules/LDPCencode_ldpc_0.v                                                                                                                                                                                                                                                                                                                             ; --            ; --          ; --               ;
; MISC_FILE                            ; LDPCencode/simulation/submodules/LDPCencode_ldpc_0_encoder.v                                                                                                                                                                                                                                                                                                                     ; --            ; --          ; --               ;
; MISC_FILE                            ; LDPCencode/simulation/submodules/altera_auto_wimedia_enc_ROM.sv                                                                                                                                                                                                                                                                                                                  ; --            ; --          ; --               ;
; MISC_FILE                            ; LDPCencode/simulation/submodules/altera_ldpc_wimedia_enc_rom_0_data.hex                                                                                                                                                                                                                                                                                                          ; --            ; --          ; --               ;
; MISC_FILE                            ; LDPCencode/simulation/submodules/altera_ldpc_wimedia_enc_rom_1_data.hex                                                                                                                                                                                                                                                                                                          ; --            ; --          ; --               ;
; MISC_FILE                            ; LDPCencode/simulation/submodules/altera_ldpc_wimedia_enc_rom_2_data.hex                                                                                                                                                                                                                                                                                                          ; --            ; --          ; --               ;
; MISC_FILE                            ; LDPCencode/simulation/submodules/altera_ldpc_wimedia_enc_rom_3_data.hex                                                                                                                                                                                                                                                                                                          ; --            ; --          ; --               ;
; MISC_FILE                            ; LDPCencode/simulation/submodules/altera_ldpc_wimedia_enc_rom_4_data.hex                                                                                                                                                                                                                                                                                                          ; --            ; --          ; --               ;
; MISC_FILE                            ; LDPCencode/simulation/submodules/altera_ldpc_wimedia_enc_rom_5_data.hex                                                                                                                                                                                                                                                                                                          ; --            ; --          ; --               ;
; MISC_FILE                            ; LDPCencode/simulation/submodules/altera_ldpc_wimedia_enc_rom_6_data.hex                                                                                                                                                                                                                                                                                                          ; --            ; --          ; --               ;
; MISC_FILE                            ; LDPCencode/simulation/submodules/altera_ldpc_wimedia_enc_rom_7_data.hex                                                                                                                                                                                                                                                                                                          ; --            ; --          ; --               ;
; MISC_FILE                            ; LDPCencode/simulation/submodules/mentor/altera_ldpc_pkg.sv                                                                                                                                                                                                                                                                                                                       ; --            ; --          ; --               ;
; MISC_FILE                            ; LDPCencode/simulation/submodules/aldec/altera_ldpc_pkg.sv                                                                                                                                                                                                                                                                                                                        ; --            ; --          ; --               ;
; MISC_FILE                            ; LDPCencode/simulation/submodules/altera_ldpc_pkg.sv                                                                                                                                                                                                                                                                                                                              ; --            ; --          ; --               ;
; MISC_FILE                            ; LDPCencode/simulation/submodules/mentor/altera_ldpc_wimedia_enc.sv                                                                                                                                                                                                                                                                                                               ; --            ; --          ; --               ;
; MISC_FILE                            ; LDPCencode/simulation/submodules/aldec/altera_ldpc_wimedia_enc.sv                                                                                                                                                                                                                                                                                                                ; --            ; --          ; --               ;
; MISC_FILE                            ; LDPCencode/simulation/submodules/altera_ldpc_wimedia_enc.sv                                                                                                                                                                                                                                                                                                                      ; --            ; --          ; --               ;
; MISC_FILE                            ; LDPCencode/synthesis/../LDPCencode.cmp                                                                                                                                                                                                                                                                                                                                           ; --            ; --          ; --               ;
; MISC_FILE                            ; LDPCencode/synthesis/../../LDPCencode.qsys                                                                                                                                                                                                                                                                                                                                       ; --            ; --          ; --               ;
; MISC_FILE                            ; src/TX/FIFO_TX_bb.v                                                                                                                                                                                                                                                                                                                                                              ; --            ; --          ; --               ;
; MISC_FILE                            ; src/RX/RAM_bb.v                                                                                                                                                                                                                                                                                                                                                                  ; --            ; --          ; --               ;
; MISC_FILE                            ; src/RX/RAM2_bb.v                                                                                                                                                                                                                                                                                                                                                                 ; --            ; --          ; --               ;
; MISC_FILE                            ; src/RX/PLL.cmp                                                                                                                                                                                                                                                                                                                                                                   ; --            ; --          ; --               ;
; MISC_FILE                            ; src/RX/PLL_sim/PLL.vo                                                                                                                                                                                                                                                                                                                                                            ; --            ; --          ; --               ;
; MISC_FILE                            ; clk200m_sim/clk200m.vo                                                                                                                                                                                                                                                                                                                                                           ; --            ; --          ; --               ;
; MISC_FILE                            ; clk10m200m_sim/clk10m200m.vo                                                                                                                                                                                                                                                                                                                                                     ; --            ; --          ; --               ;
; MISC_FILE                            ; clk10m_200m.cmp                                                                                                                                                                                                                                                                                                                                                                  ; --            ; --          ; --               ;
; MISC_FILE                            ; clk10m_200m_sim/clk10m_200m.vo                                                                                                                                                                                                                                                                                                                                                   ; --            ; --          ; --               ;
; MUX_RESTRUCTURE                      ; Off                                                                                                                                                                                                                                                                                                                                                                              ; Auto          ; --          ; --               ;
; OPTIMIZATION_MODE                    ; Aggressive Performance                                                                                                                                                                                                                                                                                                                                                           ; Balanced      ; --          ; --               ;
; OPTIMIZATION_TECHNIQUE               ; Speed                                                                                                                                                                                                                                                                                                                                                                            ; Balanced      ; --          ; --               ;
; OUTPUT_IO_TIMING_FAR_END_VMEAS       ; Half Signal Swing                                                                                                                                                                                                                                                                                                                                                                ; --            ; --          ; --               ;
; OUTPUT_IO_TIMING_FAR_END_VMEAS       ; Half Signal Swing                                                                                                                                                                                                                                                                                                                                                                ; --            ; --          ; --               ;
; OUTPUT_IO_TIMING_NEAR_END_VMEAS      ; Half Vccio                                                                                                                                                                                                                                                                                                                                                                       ; --            ; --          ; --               ;
; OUTPUT_IO_TIMING_NEAR_END_VMEAS      ; Half Vccio                                                                                                                                                                                                                                                                                                                                                                       ; --            ; --          ; --               ;
; PARTITION_COLOR                      ; -- (Not supported for targeted family)                                                                                                                                                                                                                                                                                                                                           ; --            ; --          ; Top              ;
; PARTITION_FITTER_PRESERVATION_LEVEL  ; -- (Not supported for targeted family)                                                                                                                                                                                                                                                                                                                                           ; --            ; --          ; Top              ;
; PARTITION_NETLIST_TYPE               ; -- (Not supported for targeted family)                                                                                                                                                                                                                                                                                                                                           ; --            ; --          ; Top              ;
; PHYSICAL_SYNTHESIS_COMBO_LOGIC       ; On                                                                                                                                                                                                                                                                                                                                                                               ; Off           ; --          ; --               ;
; PHYSICAL_SYNTHESIS_REGISTER_RETIMING ; On                                                                                                                                                                                                                                                                                                                                                                               ; Off           ; --          ; --               ;
; PLACEMENT_EFFORT_MULTIPLIER          ; 4.0                                                                                                                                                                                                                                                                                                                                                                              ; 1.0           ; --          ; --               ;
; POWER_BOARD_THERMAL_MODEL            ; None (CONSERVATIVE)                                                                                                                                                                                                                                                                                                                                                              ; --            ; --          ; --               ;
; POWER_PRESET_COOLING_SOLUTION        ; 23 MM HEAT SINK WITH 200 LFPM AIRFLOW                                                                                                                                                                                                                                                                                                                                            ; --            ; --          ; --               ;
; ROUTER_TIMING_OPTIMIZATION_LEVEL     ; MAXIMUM                                                                                                                                                                                                                                                                                                                                                                          ; Normal        ; --          ; --               ;
; SLD_FILE                             ; LDPCdecoder/synthesis/LDPCdecoder.debuginfo                                                                                                                                                                                                                                                                                                                                      ; --            ; --          ; --               ;
; SLD_FILE                             ; LDPCencode/synthesis/LDPCencode.debuginfo                                                                                                                                                                                                                                                                                                                                        ; --            ; --          ; --               ;
; SLD_FILE                             ; db/stp1_auto_stripped.stp                                                                                                                                                                                                                                                                                                                                                        ; --            ; --          ; --               ;
; SLD_INFO                             ; QSYS_NAME LDPCdecoder HAS_SOPCINFO 1 GENERATION_ID 1672709814                                                                                                                                                                                                                                                                                                                    ; --            ; LDPCdecoder ; --               ;
; SLD_INFO                             ; QSYS_NAME LDPCencode HAS_SOPCINFO 1 GENERATION_ID 1672453369                                                                                                                                                                                                                                                                                                                     ; --            ; LDPCencode  ; --               ;
; SLD_NODE_CREATOR_ID                  ; 110                                                                                                                                                                                                                                                                                                                                                                              ; --            ; --          ; auto_signaltap_0 ;
; SLD_NODE_ENTITY_NAME                 ; sld_signaltap                                                                                                                                                                                                                                                                                                                                                                    ; --            ; --          ; auto_signaltap_0 ;
; SLD_NODE_PARAMETER_ASSIGNMENT        ; SLD_RAM_BLOCK_TYPE=AUTO                                                                                                                                                                                                                                                                                                                                                          ; --            ; --          ; auto_signaltap_0 ;
; SLD_NODE_PARAMETER_ASSIGNMENT        ; SLD_NODE_INFO=805334528                                                                                                                                                                                                                                                                                                                                                          ; --            ; --          ; auto_signaltap_0 ;
; SLD_NODE_PARAMETER_ASSIGNMENT        ; SLD_POWER_UP_TRIGGER=0                                                                                                                                                                                                                                                                                                                                                           ; --            ; --          ; auto_signaltap_0 ;
; SLD_NODE_PARAMETER_ASSIGNMENT        ; SLD_STORAGE_QUALIFIER_INVERSION_MASK_LENGTH=0                                                                                                                                                                                                                                                                                                                                    ; --            ; --          ; auto_signaltap_0 ;
; SLD_NODE_PARAMETER_ASSIGNMENT        ; SLD_SEGMENT_SIZE=16384                                                                                                                                                                                                                                                                                                                                                           ; --            ; --          ; auto_signaltap_0 ;
; SLD_NODE_PARAMETER_ASSIGNMENT        ; SLD_ATTRIBUTE_MEM_MODE=OFF                                                                                                                                                                                                                                                                                                                                                       ; --            ; --          ; auto_signaltap_0 ;
; SLD_NODE_PARAMETER_ASSIGNMENT        ; SLD_STATE_FLOW_USE_GENERATED=0                                                                                                                                                                                                                                                                                                                                                   ; --            ; --          ; auto_signaltap_0 ;
; SLD_NODE_PARAMETER_ASSIGNMENT        ; SLD_STATE_BITS=11                                                                                                                                                                                                                                                                                                                                                                ; --            ; --          ; auto_signaltap_0 ;
; SLD_NODE_PARAMETER_ASSIGNMENT        ; SLD_BUFFER_FULL_STOP=1                                                                                                                                                                                                                                                                                                                                                           ; --            ; --          ; auto_signaltap_0 ;
; SLD_NODE_PARAMETER_ASSIGNMENT        ; SLD_CURRENT_RESOURCE_WIDTH=1                                                                                                                                                                                                                                                                                                                                                     ; --            ; --          ; auto_signaltap_0 ;
; SLD_NODE_PARAMETER_ASSIGNMENT        ; SLD_INCREMENTAL_ROUTING=1                                                                                                                                                                                                                                                                                                                                                        ; --            ; --          ; auto_signaltap_0 ;
; SLD_NODE_PARAMETER_ASSIGNMENT        ; SLD_TRIGGER_LEVEL=1                                                                                                                                                                                                                                                                                                                                                              ; --            ; --          ; auto_signaltap_0 ;
; SLD_NODE_PARAMETER_ASSIGNMENT        ; SLD_SAMPLE_DEPTH=16384                                                                                                                                                                                                                                                                                                                                                           ; --            ; --          ; auto_signaltap_0 ;
; SLD_NODE_PARAMETER_ASSIGNMENT        ; SLD_TRIGGER_IN_ENABLED=0                                                                                                                                                                                                                                                                                                                                                         ; --            ; --          ; auto_signaltap_0 ;
; SLD_NODE_PARAMETER_ASSIGNMENT        ; SLD_TRIGGER_PIPELINE=0                                                                                                                                                                                                                                                                                                                                                           ; --            ; --          ; auto_signaltap_0 ;
; SLD_NODE_PARAMETER_ASSIGNMENT        ; SLD_RAM_PIPELINE=0                                                                                                                                                                                                                                                                                                                                                               ; --            ; --          ; auto_signaltap_0 ;
; SLD_NODE_PARAMETER_ASSIGNMENT        ; SLD_COUNTER_PIPELINE=0                                                                                                                                                                                                                                                                                                                                                           ; --            ; --          ; auto_signaltap_0 ;
; SLD_NODE_PARAMETER_ASSIGNMENT        ; SLD_ADVANCED_TRIGGER_ENTITY=basic,1,                                                                                                                                                                                                                                                                                                                                             ; --            ; --          ; auto_signaltap_0 ;
; SLD_NODE_PARAMETER_ASSIGNMENT        ; SLD_TRIGGER_LEVEL_PIPELINE=1                                                                                                                                                                                                                                                                                                                                                     ; --            ; --          ; auto_signaltap_0 ;
; SLD_NODE_PARAMETER_ASSIGNMENT        ; SLD_ENABLE_ADVANCED_TRIGGER=0                                                                                                                                                                                                                                                                                                                                                    ; --            ; --          ; auto_signaltap_0 ;
; SLD_NODE_PARAMETER_ASSIGNMENT        ; SLD_DATA_BITS=107                                                                                                                                                                                                                                                                                                                                                                ; --            ; --          ; auto_signaltap_0 ;
; SLD_NODE_PARAMETER_ASSIGNMENT        ; SLD_TRIGGER_BITS=107                                                                                                                                                                                                                                                                                                                                                             ; --            ; --          ; auto_signaltap_0 ;
; SLD_NODE_PARAMETER_ASSIGNMENT        ; SLD_STORAGE_QUALIFIER_BITS=107                                                                                                                                                                                                                                                                                                                                                   ; --            ; --          ; auto_signaltap_0 ;
; SLD_NODE_PARAMETER_ASSIGNMENT        ; SLD_INVERSION_MASK=0000000000000000000000000000000000000000000000000000000000000000000000000000000000000000000000000000000000000000000000000000000000000000000000000000000000000000000000000000000000000000000000000000000000000000000000000000000000000000000000000000000000000000000000000000000000000000000000000000000000000000000000000000000000000000000000000000000000000 ; --            ; --          ; auto_signaltap_0 ;
; SLD_NODE_PARAMETER_ASSIGNMENT        ; SLD_INVERSION_MASK_LENGTH=349                                                                                                                                                                                                                                                                                                                                                    ; --            ; --          ; auto_signaltap_0 ;
; SOPCINFO_FILE                        ; LDPCdecoder/synthesis/../../LDPCdecoder.sopcinfo                                                                                                                                                                                                                                                                                                                                 ; --            ; --          ; --               ;
; SOPCINFO_FILE                        ; LDPCencode/synthesis/../../LDPCencode.sopcinfo                                                                                                                                                                                                                                                                                                                                   ; --            ; --          ; --               ;
; SPD_FILE                             ; LDPCdecoder/simulation/../LDPCdecoder.spd                                                                                                                                                                                                                                                                                                                                        ; --            ; --          ; --               ;
; SPD_FILE                             ; LDPCencode/simulation/../LDPCencode.spd                                                                                                                                                                                                                                                                                                                                          ; --            ; --          ; --               ;
; SPD_FILE                             ; src/RX/PLL.spd                                                                                                                                                                                                                                                                                                                                                                   ; --            ; --          ; --               ;
; SPD_FILE                             ; clk200m.spd                                                                                                                                                                                                                                                                                                                                                                      ; --            ; --          ; --               ;
; SPD_FILE                             ; clk10m200m.spd                                                                                                                                                                                                                                                                                                                                                                   ; --            ; --          ; --               ;
; SPD_FILE                             ; clk10m_200m.spd                                                                                                                                                                                                                                                                                                                                                                  ; --            ; --          ; --               ;
; SYNTHESIS_ONLY_QIP                   ; On                                                                                                                                                                                                                                                                                                                                                                               ; --            ; --          ; --               ;
; SYNTHESIS_ONLY_QIP                   ; On                                                                                                                                                                                                                                                                                                                                                                               ; --            ; --          ; --               ;
; SYNTHESIS_ONLY_QIP                   ; On                                                                                                                                                                                                                                                                                                                                                                               ; --            ; --          ; --               ;
; SYNTHESIS_ONLY_QIP                   ; On                                                                                                                                                                                                                                                                                                                                                                               ; --            ; --          ; --               ;
; USE_SIGNALTAP_FILE                   ; stp1.stp                                                                                                                                                                                                                                                                                                                                                                         ; --            ; --          ; --               ;
+--------------------------------------+----------------------------------------------------------------------------------------------------------------------------------------------------------------------------------------------------------------------------------------------------------------------------------------------------------------------------------------------------------------------------------+---------------+-------------+------------------+


+--------------------------------------------------------------------------------------------------------------------------+
; Flow Elapsed Time                                                                                                        ;
+----------------------+--------------+-------------------------+---------------------+------------------------------------+
; Module Name          ; Elapsed Time ; Average Processors Used ; Peak Virtual Memory ; Total CPU Time (on all processors) ;
+----------------------+--------------+-------------------------+---------------------+------------------------------------+
; Analysis & Synthesis ; 00:03:08     ; 1.2                     ; 5894 MB             ; 00:04:22                           ;
; Fitter               ; 00:08:26     ; 1.4                     ; 8865 MB             ; 00:24:10                           ;
; Assembler            ; 00:00:18     ; 1.0                     ; 5285 MB             ; 00:00:17                           ;
; Timing Analyzer      ; 00:01:09     ; 2.1                     ; 6577 MB             ; 00:02:15                           ;
; Total                ; 00:13:01     ; --                      ; --                  ; 00:31:04                           ;
+----------------------+--------------+-------------------------+---------------------+------------------------------------+


+------------------------------------------------------------------------------------+
; Flow OS Summary                                                                    ;
+----------------------+------------------+------------+------------+----------------+
; Module Name          ; Machine Hostname ; OS Name    ; OS Version ; Processor type ;
+----------------------+------------------+------------+------------+----------------+
; Analysis & Synthesis ; OKAS-CDWR104543  ; Windows 10 ; 10.0       ; x86_64         ;
; Fitter               ; OKAS-CDWR104543  ; Windows 10 ; 10.0       ; x86_64         ;
; Assembler            ; OKAS-CDWR104543  ; Windows 10 ; 10.0       ; x86_64         ;
; Timing Analyzer      ; OKAS-CDWR104543  ; Windows 10 ; 10.0       ; x86_64         ;
+----------------------+------------------+------------+------------+----------------+


------------
; Flow Log ;
------------
quartus_map --read_settings_files=on --write_settings_files=off DE1_SoC_Computer -c DE1_SoC_Computer
quartus_fit --read_settings_files=off --write_settings_files=off DE1_SoC_Computer -c DE1_SoC_Computer
quartus_asm --read_settings_files=off --write_settings_files=off DE1_SoC_Computer -c DE1_SoC_Computer
quartus_sta DE1_SoC_Computer -c DE1_SoC_Computer



